<?xml version="1.0" encoding="UTF-8"?>
<!-- Generated by org.testng.reporters.JUnitReportReporter -->
<testsuite hostname="LAPTOP-OHDRA29K" failures="0" tests="1" name="testNGFramework.DataProvidersTestCases" time="9.274" errors="0" timestamp="2024-07-10T22:44:29 IST" skipped="0">
  <testcase classname="testNGFramework.DataProvidersTestCases" name="fillFormPageTest" time="9.274"/>
</testsuite> <!-- testNGFramework.DataProvidersTestCases -->
