<?xml version="1.0" encoding="UTF-8"?>
<!-- Generated by org.testng.reporters.JUnitReportReporter -->
<testsuite hostname="LAPTOP-OHDRA29K" failures="0" tests="4" name="saucelab_TestPageClasses.LoginPageTestClass" time="17.260" errors="0" timestamp="2024-09-03T23:21:47 IST" skipped="0">
  <testcase classname="saucelab_TestPageClasses.LoginPageTestClass" name="logintosaucelab" time="1.668"/>
  <testcase classname="saucelab_TestPageClasses.LoginPageTestClass" name="logintosaucelab" time="8.700"/>
  <testcase classname="saucelab_TestPageClasses.LoginPageTestClass" name="logintosaucelab" time="2.397"/>
  <testcase classname="saucelab_TestPageClasses.LoginPageTestClass" name="logintosaucelab" time="4.495"/>
</testsuite> <!-- saucelab_TestPageClasses.LoginPageTestClass -->
